[2024-09-30T19:50:11.731+0000] {processor.py:156} INFO - Started process (PID=83) to work on /opt/airflow/dags/bq_posts.py
[2024-09-30T19:50:11.731+0000] {processor.py:799} INFO - Processing file /opt/airflow/dags/bq_posts.py for tasks to queue
[2024-09-30T19:50:11.732+0000] {logging_mixin.py:149} INFO - [2024-09-30T19:50:11.732+0000] {dagbag.py:541} INFO - Filling up the DagBag from /opt/airflow/dags/bq_posts.py
[2024-09-30T19:50:12.534+0000] {logging_mixin.py:149} INFO - [2024-09-30T19:50:12.533+0000] {dagbag.py:350} ERROR - Failed to import: /opt/airflow/dags/bq_posts.py
Traceback (most recent call last):
  File "/home/airflow/.local/lib/python3.7/site-packages/airflow/models/dagbag.py", line 346, in parse
    loader.exec_module(new_module)
  File "<frozen importlib._bootstrap_external>", line 728, in exec_module
  File "<frozen importlib._bootstrap>", line 219, in _call_with_frames_removed
  File "/opt/airflow/dags/bq_posts.py", line 17, in <module>
    from Senior_Data_Analyst_Challenge.ingestion_incremental.ingestion_inicial import main
ModuleNotFoundError: No module named 'Senior_Data_Analyst_Challenge'
[2024-09-30T19:50:12.535+0000] {processor.py:811} WARNING - No viable dags retrieved from /opt/airflow/dags/bq_posts.py
[2024-09-30T19:50:12.561+0000] {processor.py:178} INFO - Processing /opt/airflow/dags/bq_posts.py took 0.832 seconds
[2024-09-30T19:50:47.030+0000] {processor.py:156} INFO - Started process (PID=144) to work on /opt/airflow/dags/bq_posts.py
[2024-09-30T19:50:47.031+0000] {processor.py:799} INFO - Processing file /opt/airflow/dags/bq_posts.py for tasks to queue
[2024-09-30T19:50:47.031+0000] {logging_mixin.py:149} INFO - [2024-09-30T19:50:47.031+0000] {dagbag.py:541} INFO - Filling up the DagBag from /opt/airflow/dags/bq_posts.py
[2024-09-30T19:50:48.340+0000] {logging_mixin.py:149} INFO - [2024-09-30T19:50:48.339+0000] {dagbag.py:350} ERROR - Failed to import: /opt/airflow/dags/bq_posts.py
Traceback (most recent call last):
  File "/home/airflow/.local/lib/python3.7/site-packages/airflow/models/dagbag.py", line 346, in parse
    loader.exec_module(new_module)
  File "<frozen importlib._bootstrap_external>", line 728, in exec_module
  File "<frozen importlib._bootstrap>", line 219, in _call_with_frames_removed
  File "/opt/airflow/dags/bq_posts.py", line 17, in <module>
    from Senior_Data_Analyst_Challenge.ingestion_incremental.ingestion_inicial import main
ModuleNotFoundError: No module named 'Senior_Data_Analyst_Challenge'
[2024-09-30T19:50:48.341+0000] {processor.py:811} WARNING - No viable dags retrieved from /opt/airflow/dags/bq_posts.py
[2024-09-30T19:50:48.372+0000] {processor.py:178} INFO - Processing /opt/airflow/dags/bq_posts.py took 1.346 seconds
