[2024-09-30T19:50:10.469+0000] {processor.py:156} INFO - Started process (PID=76) to work on /opt/airflow/dags/bq_posts_comments.py
[2024-09-30T19:50:10.470+0000] {processor.py:799} INFO - Processing file /opt/airflow/dags/bq_posts_comments.py for tasks to queue
[2024-09-30T19:50:10.471+0000] {logging_mixin.py:149} INFO - [2024-09-30T19:50:10.471+0000] {dagbag.py:541} INFO - Filling up the DagBag from /opt/airflow/dags/bq_posts_comments.py
[2024-09-30T19:50:11.674+0000] {logging_mixin.py:149} INFO - [2024-09-30T19:50:11.673+0000] {dagbag.py:350} ERROR - Failed to import: /opt/airflow/dags/bq_posts_comments.py
Traceback (most recent call last):
  File "/home/airflow/.local/lib/python3.7/site-packages/airflow/models/dagbag.py", line 346, in parse
    loader.exec_module(new_module)
  File "<frozen importlib._bootstrap_external>", line 728, in exec_module
  File "<frozen importlib._bootstrap>", line 219, in _call_with_frames_removed
  File "/opt/airflow/dags/bq_posts_comments.py", line 17, in <module>
    from Senior_Data_Analyst_Challenge.ingestion_incremental.ingestion_inicial import main
ModuleNotFoundError: No module named 'Senior_Data_Analyst_Challenge'
[2024-09-30T19:50:11.675+0000] {processor.py:811} WARNING - No viable dags retrieved from /opt/airflow/dags/bq_posts_comments.py
[2024-09-30T19:50:11.701+0000] {processor.py:178} INFO - Processing /opt/airflow/dags/bq_posts_comments.py took 1.240 seconds
[2024-09-30T19:50:46.237+0000] {processor.py:156} INFO - Started process (PID=138) to work on /opt/airflow/dags/bq_posts_comments.py
[2024-09-30T19:50:46.238+0000] {processor.py:799} INFO - Processing file /opt/airflow/dags/bq_posts_comments.py for tasks to queue
[2024-09-30T19:50:46.239+0000] {logging_mixin.py:149} INFO - [2024-09-30T19:50:46.239+0000] {dagbag.py:541} INFO - Filling up the DagBag from /opt/airflow/dags/bq_posts_comments.py
[2024-09-30T19:50:47.488+0000] {logging_mixin.py:149} INFO - [2024-09-30T19:50:47.486+0000] {dagbag.py:350} ERROR - Failed to import: /opt/airflow/dags/bq_posts_comments.py
Traceback (most recent call last):
  File "/home/airflow/.local/lib/python3.7/site-packages/airflow/models/dagbag.py", line 346, in parse
    loader.exec_module(new_module)
  File "<frozen importlib._bootstrap_external>", line 728, in exec_module
  File "<frozen importlib._bootstrap>", line 219, in _call_with_frames_removed
  File "/opt/airflow/dags/bq_posts_comments.py", line 17, in <module>
    from Senior_Data_Analyst_Challenge.ingestion_incremental.ingestion_inicial import main
ModuleNotFoundError: No module named 'Senior_Data_Analyst_Challenge'
[2024-09-30T19:50:47.488+0000] {processor.py:811} WARNING - No viable dags retrieved from /opt/airflow/dags/bq_posts_comments.py
[2024-09-30T19:50:47.521+0000] {processor.py:178} INFO - Processing /opt/airflow/dags/bq_posts_comments.py took 1.287 seconds
