[2024-09-30T19:50:09.060+0000] {processor.py:156} INFO - Started process (PID=68) to work on /opt/airflow/dags/bq_users.py
[2024-09-30T19:50:09.062+0000] {processor.py:799} INFO - Processing file /opt/airflow/dags/bq_users.py for tasks to queue
[2024-09-30T19:50:09.063+0000] {logging_mixin.py:149} INFO - [2024-09-30T19:50:09.063+0000] {dagbag.py:541} INFO - Filling up the DagBag from /opt/airflow/dags/bq_users.py
[2024-09-30T19:50:10.342+0000] {logging_mixin.py:149} INFO - [2024-09-30T19:50:10.341+0000] {dagbag.py:350} ERROR - Failed to import: /opt/airflow/dags/bq_users.py
Traceback (most recent call last):
  File "/home/airflow/.local/lib/python3.7/site-packages/airflow/models/dagbag.py", line 346, in parse
    loader.exec_module(new_module)
  File "<frozen importlib._bootstrap_external>", line 728, in exec_module
  File "<frozen importlib._bootstrap>", line 219, in _call_with_frames_removed
  File "/opt/airflow/dags/bq_users.py", line 16, in <module>
    from Senior_Data_Analyst_Challenge.ingestion_incremental.ingestion_inicial import main
ModuleNotFoundError: No module named 'Senior_Data_Analyst_Challenge'
[2024-09-30T19:50:10.342+0000] {processor.py:811} WARNING - No viable dags retrieved from /opt/airflow/dags/bq_users.py
[2024-09-30T19:50:10.370+0000] {processor.py:178} INFO - Processing /opt/airflow/dags/bq_users.py took 1.315 seconds
[2024-09-30T19:50:44.268+0000] {processor.py:156} INFO - Started process (PID=130) to work on /opt/airflow/dags/bq_users.py
[2024-09-30T19:50:44.269+0000] {processor.py:799} INFO - Processing file /opt/airflow/dags/bq_users.py for tasks to queue
[2024-09-30T19:50:44.272+0000] {logging_mixin.py:149} INFO - [2024-09-30T19:50:44.271+0000] {dagbag.py:541} INFO - Filling up the DagBag from /opt/airflow/dags/bq_users.py
[2024-09-30T19:50:46.166+0000] {logging_mixin.py:149} INFO - [2024-09-30T19:50:46.165+0000] {dagbag.py:350} ERROR - Failed to import: /opt/airflow/dags/bq_users.py
Traceback (most recent call last):
  File "/home/airflow/.local/lib/python3.7/site-packages/airflow/models/dagbag.py", line 346, in parse
    loader.exec_module(new_module)
  File "<frozen importlib._bootstrap_external>", line 728, in exec_module
  File "<frozen importlib._bootstrap>", line 219, in _call_with_frames_removed
  File "/opt/airflow/dags/bq_users.py", line 16, in <module>
    from Senior_Data_Analyst_Challenge.ingestion_incremental.ingestion_inicial import main
ModuleNotFoundError: No module named 'Senior_Data_Analyst_Challenge'
[2024-09-30T19:50:46.166+0000] {processor.py:811} WARNING - No viable dags retrieved from /opt/airflow/dags/bq_users.py
[2024-09-30T19:50:46.193+0000] {processor.py:178} INFO - Processing /opt/airflow/dags/bq_users.py took 1.939 seconds
