[2024-09-30T19:50:09.010+0000] {processor.py:156} INFO - Started process (PID=66) to work on /opt/airflow/dags/bq_votes.py
[2024-09-30T19:50:09.011+0000] {processor.py:799} INFO - Processing file /opt/airflow/dags/bq_votes.py for tasks to queue
[2024-09-30T19:50:09.012+0000] {logging_mixin.py:149} INFO - [2024-09-30T19:50:09.012+0000] {dagbag.py:541} INFO - Filling up the DagBag from /opt/airflow/dags/bq_votes.py
[2024-09-30T19:50:10.259+0000] {logging_mixin.py:149} INFO - [2024-09-30T19:50:10.257+0000] {dagbag.py:350} ERROR - Failed to import: /opt/airflow/dags/bq_votes.py
Traceback (most recent call last):
  File "/home/airflow/.local/lib/python3.7/site-packages/airflow/models/dagbag.py", line 346, in parse
    loader.exec_module(new_module)
  File "<frozen importlib._bootstrap_external>", line 728, in exec_module
  File "<frozen importlib._bootstrap>", line 219, in _call_with_frames_removed
  File "/opt/airflow/dags/bq_votes.py", line 16, in <module>
    from Senior_Data_Analyst_Challenge.ingestion_incremental.ingestion_inicial import main
ModuleNotFoundError: No module named 'Senior_Data_Analyst_Challenge'
[2024-09-30T19:50:10.259+0000] {processor.py:811} WARNING - No viable dags retrieved from /opt/airflow/dags/bq_votes.py
[2024-09-30T19:50:10.285+0000] {processor.py:178} INFO - Processing /opt/airflow/dags/bq_votes.py took 1.278 seconds
[2024-09-30T19:50:42.803+0000] {processor.py:156} INFO - Started process (PID=126) to work on /opt/airflow/dags/bq_votes.py
[2024-09-30T19:50:42.804+0000] {processor.py:799} INFO - Processing file /opt/airflow/dags/bq_votes.py for tasks to queue
[2024-09-30T19:50:42.807+0000] {logging_mixin.py:149} INFO - [2024-09-30T19:50:42.806+0000] {dagbag.py:541} INFO - Filling up the DagBag from /opt/airflow/dags/bq_votes.py
[2024-09-30T19:50:45.437+0000] {logging_mixin.py:149} INFO - [2024-09-30T19:50:45.434+0000] {dagbag.py:350} ERROR - Failed to import: /opt/airflow/dags/bq_votes.py
Traceback (most recent call last):
  File "/home/airflow/.local/lib/python3.7/site-packages/airflow/models/dagbag.py", line 346, in parse
    loader.exec_module(new_module)
  File "<frozen importlib._bootstrap_external>", line 728, in exec_module
  File "<frozen importlib._bootstrap>", line 219, in _call_with_frames_removed
  File "/opt/airflow/dags/bq_votes.py", line 16, in <module>
    from Senior_Data_Analyst_Challenge.ingestion_incremental.ingestion_inicial import main
ModuleNotFoundError: No module named 'Senior_Data_Analyst_Challenge'
[2024-09-30T19:50:45.438+0000] {processor.py:811} WARNING - No viable dags retrieved from /opt/airflow/dags/bq_votes.py
[2024-09-30T19:50:45.494+0000] {processor.py:178} INFO - Processing /opt/airflow/dags/bq_votes.py took 2.698 seconds
