[2024-09-30T19:50:10.326+0000] {processor.py:156} INFO - Started process (PID=74) to work on /opt/airflow/dags/etl_posts.py
[2024-09-30T19:50:10.327+0000] {processor.py:799} INFO - Processing file /opt/airflow/dags/etl_posts.py for tasks to queue
[2024-09-30T19:50:10.328+0000] {logging_mixin.py:149} INFO - [2024-09-30T19:50:10.327+0000] {dagbag.py:541} INFO - Filling up the DagBag from /opt/airflow/dags/etl_posts.py
[2024-09-30T19:50:11.597+0000] {logging_mixin.py:149} INFO - [2024-09-30T19:50:11.595+0000] {dagbag.py:350} ERROR - Failed to import: /opt/airflow/dags/etl_posts.py
Traceback (most recent call last):
  File "/home/airflow/.local/lib/python3.7/site-packages/airflow/models/dagbag.py", line 346, in parse
    loader.exec_module(new_module)
  File "<frozen importlib._bootstrap_external>", line 728, in exec_module
  File "<frozen importlib._bootstrap>", line 219, in _call_with_frames_removed
  File "/opt/airflow/dags/etl_posts.py", line 17, in <module>
    from Senior_Data_Analyst_Challenge.ingestion_incremental.ingestion_inicial import main
ModuleNotFoundError: No module named 'Senior_Data_Analyst_Challenge'
[2024-09-30T19:50:11.597+0000] {processor.py:811} WARNING - No viable dags retrieved from /opt/airflow/dags/etl_posts.py
[2024-09-30T19:50:11.622+0000] {processor.py:178} INFO - Processing /opt/airflow/dags/etl_posts.py took 1.300 seconds
[2024-09-30T19:50:45.549+0000] {processor.py:156} INFO - Started process (PID=134) to work on /opt/airflow/dags/etl_posts.py
[2024-09-30T19:50:45.550+0000] {processor.py:799} INFO - Processing file /opt/airflow/dags/etl_posts.py for tasks to queue
[2024-09-30T19:50:45.551+0000] {logging_mixin.py:149} INFO - [2024-09-30T19:50:45.551+0000] {dagbag.py:541} INFO - Filling up the DagBag from /opt/airflow/dags/etl_posts.py
[2024-09-30T19:50:46.893+0000] {logging_mixin.py:149} INFO - [2024-09-30T19:50:46.892+0000] {dagbag.py:350} ERROR - Failed to import: /opt/airflow/dags/etl_posts.py
Traceback (most recent call last):
  File "/home/airflow/.local/lib/python3.7/site-packages/airflow/models/dagbag.py", line 346, in parse
    loader.exec_module(new_module)
  File "<frozen importlib._bootstrap_external>", line 728, in exec_module
  File "<frozen importlib._bootstrap>", line 219, in _call_with_frames_removed
  File "/opt/airflow/dags/etl_posts.py", line 17, in <module>
    from Senior_Data_Analyst_Challenge.ingestion_incremental.ingestion_inicial import main
ModuleNotFoundError: No module named 'Senior_Data_Analyst_Challenge'
[2024-09-30T19:50:46.894+0000] {processor.py:811} WARNING - No viable dags retrieved from /opt/airflow/dags/etl_posts.py
[2024-09-30T19:50:46.922+0000] {processor.py:178} INFO - Processing /opt/airflow/dags/etl_posts.py took 1.377 seconds
