[2024-09-30T19:50:02.500+0000] {processor.py:156} INFO - Started process (PID=33) to work on /opt/airflow/dags/incremental_nlp_posts_part.py
[2024-09-30T19:50:02.502+0000] {processor.py:799} INFO - Processing file /opt/airflow/dags/incremental_nlp_posts_part.py for tasks to queue
[2024-09-30T19:50:02.503+0000] {logging_mixin.py:149} INFO - [2024-09-30T19:50:02.503+0000] {dagbag.py:541} INFO - Filling up the DagBag from /opt/airflow/dags/incremental_nlp_posts_part.py
[2024-09-30T19:50:02.511+0000] {logging_mixin.py:149} INFO - [2024-09-30T19:50:02.510+0000] {dagbag.py:350} ERROR - Failed to import: /opt/airflow/dags/incremental_nlp_posts_part.py
Traceback (most recent call last):
  File "/home/airflow/.local/lib/python3.7/site-packages/airflow/models/dagbag.py", line 346, in parse
    loader.exec_module(new_module)
  File "<frozen importlib._bootstrap_external>", line 728, in exec_module
  File "<frozen importlib._bootstrap>", line 219, in _call_with_frames_removed
  File "/opt/airflow/dags/incremental_nlp_posts_part.py", line 2, in <module>
    from Senior_Data_Analyst_Challenge.ingestion_incremental.ingestion_inicial import main
ModuleNotFoundError: No module named 'Senior_Data_Analyst_Challenge'
[2024-09-30T19:50:02.514+0000] {processor.py:811} WARNING - No viable dags retrieved from /opt/airflow/dags/incremental_nlp_posts_part.py
[2024-09-30T19:50:02.640+0000] {processor.py:178} INFO - Processing /opt/airflow/dags/incremental_nlp_posts_part.py took 0.147 seconds
[2024-09-30T19:50:32.864+0000] {processor.py:156} INFO - Started process (PID=95) to work on /opt/airflow/dags/incremental_nlp_posts_part.py
[2024-09-30T19:50:32.865+0000] {processor.py:799} INFO - Processing file /opt/airflow/dags/incremental_nlp_posts_part.py for tasks to queue
[2024-09-30T19:50:32.865+0000] {logging_mixin.py:149} INFO - [2024-09-30T19:50:32.865+0000] {dagbag.py:541} INFO - Filling up the DagBag from /opt/airflow/dags/incremental_nlp_posts_part.py
[2024-09-30T19:50:32.869+0000] {logging_mixin.py:149} INFO - [2024-09-30T19:50:32.868+0000] {dagbag.py:350} ERROR - Failed to import: /opt/airflow/dags/incremental_nlp_posts_part.py
Traceback (most recent call last):
  File "/home/airflow/.local/lib/python3.7/site-packages/airflow/models/dagbag.py", line 346, in parse
    loader.exec_module(new_module)
  File "<frozen importlib._bootstrap_external>", line 728, in exec_module
  File "<frozen importlib._bootstrap>", line 219, in _call_with_frames_removed
  File "/opt/airflow/dags/incremental_nlp_posts_part.py", line 2, in <module>
    from Senior_Data_Analyst_Challenge.ingestion_incremental.ingestion_inicial import main
ModuleNotFoundError: No module named 'Senior_Data_Analyst_Challenge'
[2024-09-30T19:50:32.869+0000] {processor.py:811} WARNING - No viable dags retrieved from /opt/airflow/dags/incremental_nlp_posts_part.py
[2024-09-30T19:50:32.907+0000] {processor.py:178} INFO - Processing /opt/airflow/dags/incremental_nlp_posts_part.py took 0.049 seconds
