[2024-09-30T19:50:03.234+0000] {processor.py:156} INFO - Started process (PID=37) to work on /opt/airflow/dags/incremental_posts_comments.py
[2024-09-30T19:50:03.235+0000] {processor.py:799} INFO - Processing file /opt/airflow/dags/incremental_posts_comments.py for tasks to queue
[2024-09-30T19:50:03.236+0000] {logging_mixin.py:149} INFO - [2024-09-30T19:50:03.235+0000] {dagbag.py:541} INFO - Filling up the DagBag from /opt/airflow/dags/incremental_posts_comments.py
[2024-09-30T19:50:03.239+0000] {logging_mixin.py:149} INFO - [2024-09-30T19:50:03.238+0000] {dagbag.py:350} ERROR - Failed to import: /opt/airflow/dags/incremental_posts_comments.py
Traceback (most recent call last):
  File "/home/airflow/.local/lib/python3.7/site-packages/airflow/models/dagbag.py", line 346, in parse
    loader.exec_module(new_module)
  File "<frozen importlib._bootstrap_external>", line 728, in exec_module
  File "<frozen importlib._bootstrap>", line 219, in _call_with_frames_removed
  File "/opt/airflow/dags/incremental_posts_comments.py", line 2, in <module>
    from Senior_Data_Analyst_Challenge.ingestion_incremental.ingestion_inicial import main
ModuleNotFoundError: No module named 'Senior_Data_Analyst_Challenge'
[2024-09-30T19:50:03.239+0000] {processor.py:811} WARNING - No viable dags retrieved from /opt/airflow/dags/incremental_posts_comments.py
[2024-09-30T19:50:03.272+0000] {processor.py:178} INFO - Processing /opt/airflow/dags/incremental_posts_comments.py took 0.042 seconds
[2024-09-30T19:50:33.940+0000] {processor.py:156} INFO - Started process (PID=97) to work on /opt/airflow/dags/incremental_posts_comments.py
[2024-09-30T19:50:33.941+0000] {processor.py:799} INFO - Processing file /opt/airflow/dags/incremental_posts_comments.py for tasks to queue
[2024-09-30T19:50:33.943+0000] {logging_mixin.py:149} INFO - [2024-09-30T19:50:33.942+0000] {dagbag.py:541} INFO - Filling up the DagBag from /opt/airflow/dags/incremental_posts_comments.py
[2024-09-30T19:50:33.946+0000] {logging_mixin.py:149} INFO - [2024-09-30T19:50:33.945+0000] {dagbag.py:350} ERROR - Failed to import: /opt/airflow/dags/incremental_posts_comments.py
Traceback (most recent call last):
  File "/home/airflow/.local/lib/python3.7/site-packages/airflow/models/dagbag.py", line 346, in parse
    loader.exec_module(new_module)
  File "<frozen importlib._bootstrap_external>", line 728, in exec_module
  File "<frozen importlib._bootstrap>", line 219, in _call_with_frames_removed
  File "/opt/airflow/dags/incremental_posts_comments.py", line 2, in <module>
    from Senior_Data_Analyst_Challenge.ingestion_incremental.ingestion_inicial import main
ModuleNotFoundError: No module named 'Senior_Data_Analyst_Challenge'
[2024-09-30T19:50:33.946+0000] {processor.py:811} WARNING - No viable dags retrieved from /opt/airflow/dags/incremental_posts_comments.py
[2024-09-30T19:50:33.985+0000] {processor.py:178} INFO - Processing /opt/airflow/dags/incremental_posts_comments.py took 0.050 seconds
