[2024-09-30T19:50:03.246+0000] {processor.py:156} INFO - Started process (PID=38) to work on /opt/airflow/dags/incremental_posts.py
[2024-09-30T19:50:03.247+0000] {processor.py:799} INFO - Processing file /opt/airflow/dags/incremental_posts.py for tasks to queue
[2024-09-30T19:50:03.248+0000] {logging_mixin.py:149} INFO - [2024-09-30T19:50:03.248+0000] {dagbag.py:541} INFO - Filling up the DagBag from /opt/airflow/dags/incremental_posts.py
[2024-09-30T19:50:03.252+0000] {logging_mixin.py:149} INFO - [2024-09-30T19:50:03.250+0000] {dagbag.py:350} ERROR - Failed to import: /opt/airflow/dags/incremental_posts.py
Traceback (most recent call last):
  File "/home/airflow/.local/lib/python3.7/site-packages/airflow/models/dagbag.py", line 346, in parse
    loader.exec_module(new_module)
  File "<frozen importlib._bootstrap_external>", line 728, in exec_module
  File "<frozen importlib._bootstrap>", line 219, in _call_with_frames_removed
  File "/opt/airflow/dags/incremental_posts.py", line 2, in <module>
    from Senior_Data_Analyst_Challenge.ingestion_incremental.ingestion_inicial import main
ModuleNotFoundError: No module named 'Senior_Data_Analyst_Challenge'
[2024-09-30T19:50:03.252+0000] {processor.py:811} WARNING - No viable dags retrieved from /opt/airflow/dags/incremental_posts.py
[2024-09-30T19:50:03.281+0000] {processor.py:178} INFO - Processing /opt/airflow/dags/incremental_posts.py took 0.039 seconds
[2024-09-30T19:50:34.063+0000] {processor.py:156} INFO - Started process (PID=99) to work on /opt/airflow/dags/incremental_posts.py
[2024-09-30T19:50:34.066+0000] {processor.py:799} INFO - Processing file /opt/airflow/dags/incremental_posts.py for tasks to queue
[2024-09-30T19:50:34.068+0000] {logging_mixin.py:149} INFO - [2024-09-30T19:50:34.068+0000] {dagbag.py:541} INFO - Filling up the DagBag from /opt/airflow/dags/incremental_posts.py
[2024-09-30T19:50:34.075+0000] {logging_mixin.py:149} INFO - [2024-09-30T19:50:34.073+0000] {dagbag.py:350} ERROR - Failed to import: /opt/airflow/dags/incremental_posts.py
Traceback (most recent call last):
  File "/home/airflow/.local/lib/python3.7/site-packages/airflow/models/dagbag.py", line 346, in parse
    loader.exec_module(new_module)
  File "<frozen importlib._bootstrap_external>", line 728, in exec_module
  File "<frozen importlib._bootstrap>", line 219, in _call_with_frames_removed
  File "/opt/airflow/dags/incremental_posts.py", line 2, in <module>
    from Senior_Data_Analyst_Challenge.ingestion_incremental.ingestion_inicial import main
ModuleNotFoundError: No module named 'Senior_Data_Analyst_Challenge'
[2024-09-30T19:50:34.075+0000] {processor.py:811} WARNING - No viable dags retrieved from /opt/airflow/dags/incremental_posts.py
[2024-09-30T19:50:34.111+0000] {processor.py:178} INFO - Processing /opt/airflow/dags/incremental_posts.py took 0.064 seconds
