[2024-09-30T19:50:03.981+0000] {processor.py:156} INFO - Started process (PID=42) to work on /opt/airflow/dags/incremental_votes.py
[2024-09-30T19:50:03.984+0000] {processor.py:799} INFO - Processing file /opt/airflow/dags/incremental_votes.py for tasks to queue
[2024-09-30T19:50:03.985+0000] {logging_mixin.py:149} INFO - [2024-09-30T19:50:03.985+0000] {dagbag.py:541} INFO - Filling up the DagBag from /opt/airflow/dags/incremental_votes.py
[2024-09-30T19:50:03.992+0000] {logging_mixin.py:149} INFO - [2024-09-30T19:50:03.989+0000] {dagbag.py:350} ERROR - Failed to import: /opt/airflow/dags/incremental_votes.py
Traceback (most recent call last):
  File "/home/airflow/.local/lib/python3.7/site-packages/airflow/models/dagbag.py", line 346, in parse
    loader.exec_module(new_module)
  File "<frozen importlib._bootstrap_external>", line 728, in exec_module
  File "<frozen importlib._bootstrap>", line 219, in _call_with_frames_removed
  File "/opt/airflow/dags/incremental_votes.py", line 2, in <module>
    from Senior_Data_Analyst_Challenge.ingestion_incremental.ingestion_inicial import main
ModuleNotFoundError: No module named 'Senior_Data_Analyst_Challenge'
[2024-09-30T19:50:03.992+0000] {processor.py:811} WARNING - No viable dags retrieved from /opt/airflow/dags/incremental_votes.py
[2024-09-30T19:50:04.054+0000] {processor.py:178} INFO - Processing /opt/airflow/dags/incremental_votes.py took 0.078 seconds
[2024-09-30T19:50:34.706+0000] {processor.py:156} INFO - Started process (PID=104) to work on /opt/airflow/dags/incremental_votes.py
[2024-09-30T19:50:34.707+0000] {processor.py:799} INFO - Processing file /opt/airflow/dags/incremental_votes.py for tasks to queue
[2024-09-30T19:50:34.708+0000] {logging_mixin.py:149} INFO - [2024-09-30T19:50:34.708+0000] {dagbag.py:541} INFO - Filling up the DagBag from /opt/airflow/dags/incremental_votes.py
[2024-09-30T19:50:34.711+0000] {logging_mixin.py:149} INFO - [2024-09-30T19:50:34.710+0000] {dagbag.py:350} ERROR - Failed to import: /opt/airflow/dags/incremental_votes.py
Traceback (most recent call last):
  File "/home/airflow/.local/lib/python3.7/site-packages/airflow/models/dagbag.py", line 346, in parse
    loader.exec_module(new_module)
  File "<frozen importlib._bootstrap_external>", line 728, in exec_module
  File "<frozen importlib._bootstrap>", line 219, in _call_with_frames_removed
  File "/opt/airflow/dags/incremental_votes.py", line 2, in <module>
    from Senior_Data_Analyst_Challenge.ingestion_incremental.ingestion_inicial import main
ModuleNotFoundError: No module named 'Senior_Data_Analyst_Challenge'
[2024-09-30T19:50:34.711+0000] {processor.py:811} WARNING - No viable dags retrieved from /opt/airflow/dags/incremental_votes.py
[2024-09-30T19:50:34.742+0000] {processor.py:178} INFO - Processing /opt/airflow/dags/incremental_votes.py took 0.039 seconds
