[2024-09-30T19:50:02.423+0000] {manager.py:487} INFO - Processing files using up to 2 processes at a time 
[2024-09-30T19:50:02.424+0000] {manager.py:488} INFO - Process each file at most once every 30 seconds
[2024-09-30T19:50:02.424+0000] {manager.py:490} INFO - Checking for new files in /opt/airflow/dags every 300 seconds
[2024-09-30T19:50:02.425+0000] {manager.py:758} INFO - Searching for files in /opt/airflow/dags
[2024-09-30T19:50:02.434+0000] {manager.py:761} INFO - There are 22 files in /opt/airflow/dags
[2024-09-30T19:50:02.552+0000] {manager.py:889} INFO - 
================================================================================
DAG File Processing Stats

File Path                                              PID  Runtime      # DAGs    # Errors  Last Runtime    Last Run
---------------------------------------------------  -----  ---------  --------  ----------  --------------  ----------
/opt/airflow/dags/lnd_oppai.py                          32  0.07s             0           0
/opt/airflow/dags/astro_python_mysql.py                                       0           0
/opt/airflow/dags/incremental_nlp_posts_part.py         33  0.06s             0           0
/opt/airflow/dags/test.py                                                     0           0
/opt/airflow/dags/incremental_posts_comments.py                               0           0
/opt/airflow/dags/incremental_posts.py                                        0           0
/opt/airflow/dags/kafka_consumer.py                                           0           0
/opt/airflow/dags/etl_votes.py                                                0           0
/opt/airflow/dags/etl_posts_comments.py                                       0           0
/opt/airflow/dags/DBT.py                                                      0           0
/opt/airflow/dags/etl_users.py                                                0           0
/opt/airflow/dags/bq_votes.py                                                 0           0
/opt/airflow/dags/bq_users.py                                                 0           0
/opt/airflow/dags/etl_posts.py                                                0           0
/opt/airflow/dags/bq_posts_comments.py                                        0           0
/opt/airflow/dags/incremental_nlp_posts.py                                    0           0
/opt/airflow/dags/bq_posts.py                                                 0           0
/opt/airflow/dags/astro_sdk.py                                                0           0
/opt/airflow/dags/incremental_votes.py                                        0           0
/opt/airflow/dags/incremental_users.py                                        0           0
/opt/airflow/dags/kafka_producer.py                                           0           0
/opt/airflow/dags/incremental_nlp_posts_comments.py                           0           0
================================================================================
[2024-09-30T19:50:32.863+0000] {manager.py:889} INFO - 
================================================================================
DAG File Processing Stats

File Path                                              PID  Runtime      # DAGs    # Errors  Last Runtime    Last Run
---------------------------------------------------  -----  ---------  --------  ----------  --------------  -------------------
/opt/airflow/dags/lnd_oppai.py                          94  0.01s             0           1  0.18s           2024-09-30T19:50:02
/opt/airflow/dags/incremental_nlp_posts_part.py         95  0.01s             0           1  0.18s           2024-09-30T19:50:02
/opt/airflow/dags/incremental_posts_comments.py                               0           1  0.06s           2024-09-30T19:50:03
/opt/airflow/dags/incremental_posts.py                                        0           1  0.06s           2024-09-30T19:50:03
/opt/airflow/dags/kafka_consumer.py                                           0           0  0.66s           2024-09-30T19:50:03
/opt/airflow/dags/etl_votes.py                                                0           1  1.37s           2024-09-30T19:50:07
/opt/airflow/dags/etl_posts_comments.py                                       0           1  1.26s           2024-09-30T19:50:08
/opt/airflow/dags/etl_users.py                                                0           1  1.18s           2024-09-30T19:50:09
/opt/airflow/dags/bq_votes.py                                                 0           1  1.31s           2024-09-30T19:50:10
/opt/airflow/dags/bq_users.py                                                 0           1  1.38s           2024-09-30T19:50:10
/opt/airflow/dags/etl_posts.py                                                0           1  1.33s           2024-09-30T19:50:11
/opt/airflow/dags/bq_posts_comments.py                                        0           1  1.28s           2024-09-30T19:50:11
/opt/airflow/dags/incremental_nlp_posts.py                                    0           1  0.07s           2024-09-30T19:50:11
/opt/airflow/dags/bq_posts.py                                                 0           1  0.85s           2024-09-30T19:50:12
/opt/airflow/dags/incremental_votes.py                                        0           1  0.17s           2024-09-30T19:50:04
/opt/airflow/dags/incremental_users.py                                        0           1  0.27s           2024-09-30T19:50:04
/opt/airflow/dags/astro_python_mysql.py                                       1           0  1.36s           2024-09-30T19:50:07
/opt/airflow/dags/test.py                                                     1           0  0.56s           2024-09-30T19:50:03
/opt/airflow/dags/DBT.py                                                      1           0  0.77s           2024-09-30T19:50:13
/opt/airflow/dags/astro_sdk.py                                                1           0  1.39s           2024-09-30T19:50:13
/opt/airflow/dags/kafka_producer.py                                           1           0  2.20s           2024-09-30T19:50:06
/opt/airflow/dags/incremental_nlp_posts_comments.py                           1           0  2.17s           2024-09-30T19:50:06
================================================================================
